<?xml version="1.0" encoding="UTF-8"?>
<testsuite xmlns:xsi="http://www.w3.org/2001/XMLSchema-instance" xsi:noNamespaceSchemaLocation="https://maven.apache.org/surefire/maven-surefire-plugin/xsd/surefire-test-report-3.0.xsd" version="3.0" name="Runner.testRunner" time="9.011" tests="7" errors="0" skipped="0" failures="0">
  <properties>
[...]
</properties>
  <testcase name="Given User is already on Login Page" classname="Scenario: Swag Labs Login Test Scenario" time="0.002">
    <system-out><![CDATA[Feature: Swag Labs Login Feature
]]></system-out>
    <system-err><![CDATA[Starting ChromeDriver 86.0.4240.22 (398b0743353ff36fb1b82468f63a3a93b4e2e89e-refs/branch-heads/4240@{#378}) on port 26733
Only local connections are allowed.
Please see https://chromedriver.chromium.org/security-considerations for suggestions on keeping ChromeDriver safe.
ChromeDriver was started successfully.
Nov 03, 2020 7:36:25 PM org.openqa.selenium.remote.ProtocolHandshake createSession
INFO: Detected dialect: W3C
]]></system-err>
  </testcase>
  <testcase name="When Title of login page is Swag Labs" classname="Scenario: Swag Labs Login Test Scenario" time="0">
    <system-out><![CDATA[Swag Labs
]]></system-out>
  </testcase>
  <testcase name="Then user enters username and password" classname="Scenario: Swag Labs Login Test Scenario" time="0"/>
  <testcase name="And user clicks on login button" classname="Scenario: Swag Labs Login Test Scenario" time="0"/>
  <testcase name="Then user is on homepage" classname="Scenario: Swag Labs Login Test Scenario" time="0"/>
  <testcase name="And user closes the browser" classname="Scenario: Swag Labs Login Test Scenario" time="0"/>
  <testcase name="" classname="Scenario: Swag Labs Login Test Scenario" time="0.002"/>
</testsuite>